#
# There is insufficient memory for the Java Runtime Environment to continue.
# Native memory allocation (mmap) failed to map 65536 bytes for Failed to commit metaspace.
# Possible reasons:
#   The system is out of physical RAM or swap space
#   The process is running with CompressedOops enabled, and the Java Heap may be blocking the growth of the native heap
# Possible solutions:
#   Reduce memory load on the system
#   Increase physical memory or swap space
#   Check if swap backing store is full
#   Decrease Java heap size (-Xmx/-Xms)
#   Decrease number of Java threads
#   Decrease Java thread stack sizes (-Xss)
#   Set larger code cache with -XX:ReservedCodeCacheSize=
#   JVM is running with Zero Based Compressed Oops mode in which the Java heap is
#     placed in the first 32GB address space. The Java Heap base address is the
#     maximum limit for the native heap growth. Please use -XX:HeapBaseMinAddress
#     to set the Java Heap base and to place the Java Heap above 32GB virtual address.
# This output file may be truncated or incomplete.
#
#  Out of Memory Error (virtualSpaceNode.cpp:110), pid=7328, tid=16472
#
# JRE version: Java(TM) SE Runtime Environment (18.0.2+9) (build 18.0.2+9-61)
# Java VM: Java HotSpot(TM) 64-Bit Server VM (18.0.2+9-61, mixed mode, sharing, tiered, compressed oops, compressed class ptrs, g1 gc, windows-amd64)
# No core dump will be written. Minidumps are not enabled by default on client versions of Windows
#

---------------  S U M M A R Y ------------

Command Line: -Dfile.encoding=utf8 c:\Users\hp\.vscode\extensions\vscjava.vscode-gradle-3.12.5\lib\gradle-language-server.jar

Host: Intel(R) Core(TM) i5-1035G1 CPU @ 1.00GHz, 8 cores, 11G,  Windows 10 , 64 bit Build 19041 (10.0.19041.1202)
Time: Thu Oct 20 14:50:42 2022 India Standard Time elapsed time: 0.378977 seconds (0d 0h 0m 0s)

---------------  T H R E A D  ---------------

Current thread (0x00000133c798fb50):  JavaThread "main" [_thread_in_vm, id=16472, stack(0x00000008d0a00000,0x00000008d0b00000)]

Stack: [0x00000008d0a00000,0x00000008d0b00000]
Native frames: (J=compiled Java code, j=interpreted, Vv=VM code, C=native code)
V  [jvm.dll+0x6993ca]
V  [jvm.dll+0x7f481d]
V  [jvm.dll+0x7f612e]
V  [jvm.dll+0x7f67e3]
V  [jvm.dll+0x25cdaf]
V  [jvm.dll+0x7f052b]
V  [jvm.dll+0x63f546]
V  [jvm.dll+0x63f5aa]
V  [jvm.dll+0x641e2e]
V  [jvm.dll+0x641cee]
V  [jvm.dll+0x63ff0e]
V  [jvm.dll+0x25152f]
V  [jvm.dll+0x64a545]
V  [jvm.dll+0x2027b1]
V  [jvm.dll+0x202ce5]
V  [jvm.dll+0x20371f]
V  [jvm.dll+0x1f8bb1]
V  [jvm.dll+0x55dc05]
V  [jvm.dll+0x209a67]
V  [jvm.dll+0x76dddd]
V  [jvm.dll+0x76f116]
V  [jvm.dll+0x76f448]
V  [jvm.dll+0x2551d6]
V  [jvm.dll+0x3a13de]
C  0x00000133cf2eb82d

Java frames: (J=compiled Java code, j=interpreted, Vv=VM code)
j  java.lang.invoke.VarHandles.byteArrayViewHandle(Ljava/lang/Class;Z)Ljava/lang/invoke/VarHandle;+65 java.base@18.0.2
j  java.lang.invoke.MethodHandles.byteArrayViewVarHandle(Ljava/lang/Class;Ljava/nio/ByteOrder;)Ljava/lang/invoke/VarHandle;+18 java.base@18.0.2
j  sun.security.provider.ByteArrayAccess$BE.<clinit>()V+5 java.base@18.0.2
v  ~StubRoutines::call_stub
j  sun.security.provider.ByteArrayAccess.b2iBig64([BI[I)V+2 java.base@18.0.2
j  sun.security.provider.SHA2.implCompress0([BI)V+21 java.base@18.0.2
j  sun.security.provider.SHA2.implCompress([BI)V+9 java.base@18.0.2
j  sun.security.provider.DigestBase.implCompressMultiBlock0([BII)I+8 java.base@18.0.2
j  sun.security.provider.DigestBase.implCompressMultiBlock([BII)I+11 java.base@18.0.2
j  sun.security.provider.DigestBase.engineUpdate([BII)V+146 java.base@18.0.2
j  java.security.MessageDigest$Delegate.engineUpdate([BII)V+7 java.base@18.0.2
j  java.security.MessageDigest.update([B)V+5 java.base@18.0.2
j  java.security.MessageDigest.digest([B)[B+2 java.base@18.0.2
j  sun.security.pkcs.SignerInfo.verify(Lsun/security/pkcs/PKCS7;[B)Lsun/security/pkcs/SignerInfo;+313 java.base@18.0.2
j  sun.security.pkcs.PKCS7.verify(Lsun/security/pkcs/SignerInfo;[B)Lsun/security/pkcs/SignerInfo;+3 java.base@18.0.2
j  sun.security.pkcs.PKCS7.verify([B)[Lsun/security/pkcs/SignerInfo;+27 java.base@18.0.2
j  sun.security.pkcs.SignerInfo.getTimestamp()Ljava/security/Timestamp;+45 java.base@18.0.2
j  sun.security.pkcs.SignerInfo.verify(Lsun/security/pkcs/PKCS7;[B)Lsun/security/pkcs/SignerInfo;+3 java.base@18.0.2
j  sun.security.pkcs.PKCS7.verify(Lsun/security/pkcs/SignerInfo;[B)Lsun/security/pkcs/SignerInfo;+3 java.base@18.0.2
j  sun.security.pkcs.PKCS7.verify([B)[Lsun/security/pkcs/SignerInfo;+27 java.base@18.0.2
j  sun.security.util.SignatureFileVerifier.processImpl(Ljava/util/Hashtable;Ljava/util/List;Ljava/lang/String;)V+62 java.base@18.0.2
j  sun.security.util.SignatureFileVerifier.process(Ljava/util/Hashtable;Ljava/util/List;Ljava/lang/String;)V+12 java.base@18.0.2
j  java.util.jar.JarVerifier.processEntry(Lsun/security/util/ManifestEntryVerifier;)V+397 java.base@18.0.2
j  java.util.jar.JarVerifier.update(I[BIILsun/security/util/ManifestEntryVerifier;)V+39 java.base@18.0.2
j  java.util.jar.JarFile.initializeVerifier()V+164 java.base@18.0.2
j  java.util.jar.JarFile.ensureInitialization()V+41 java.base@18.0.2
j  java.util.jar.JavaUtilJarAccessImpl.ensureInitialization(Ljava/util/jar/JarFile;)V+1 java.base@18.0.2
j  jdk.internal.loader.URLClassPath$JarLoader$2.getManifest()Ljava/util/jar/Manifest;+10 java.base@18.0.2
j  jdk.internal.loader.BuiltinClassLoader.defineClass(Ljava/lang/String;Ljdk/internal/loader/Resource;)Ljava/lang/Class;+29 java.base@18.0.2
j  jdk.internal.loader.BuiltinClassLoader.findClassOnClassPathOrNull(Ljava/lang/String;)Ljava/lang/Class;+37 java.base@18.0.2
j  jdk.internal.loader.BuiltinClassLoader.loadClassOrNull(Ljava/lang/String;Z)Ljava/lang/Class;+111 java.base@18.0.2
j  jdk.internal.loader.BuiltinClassLoader.loadClass(Ljava/lang/String;Z)Ljava/lang/Class;+3 java.base@18.0.2
j  jdk.internal.loader.ClassLoaders$AppClassLoader.loadClass(Ljava/lang/String;Z)Ljava/lang/Class;+36 java.base@18.0.2
j  java.lang.ClassLoader.loadClass(Ljava/lang/String;)Ljava/lang/Class;+3 java.base@18.0.2
v  ~StubRoutines::call_stub
j  java.lang.ClassLoader.defineClass1(Ljava/lang/ClassLoader;Ljava/lang/String;[BIILjava/security/ProtectionDomain;Ljava/lang/String;)Ljava/lang/Class;+0 java.base@18.0.2
j  java.lang.ClassLoader.defineClass(Ljava/lang/String;[BIILjava/security/ProtectionDomain;)Ljava/lang/Class;+27 java.base@18.0.2
j  java.security.SecureClassLoader.defineClass(Ljava/lang/String;[BIILjava/security/CodeSource;)Ljava/lang/Class;+12 java.base@18.0.2
j  jdk.internal.loader.BuiltinClassLoader.defineClass(Ljava/lang/String;Ljdk/internal/loader/Resource;)Ljava/lang/Class;+117 java.base@18.0.2
j  jdk.internal.loader.BuiltinClassLoader.findClassOnClassPathOrNull(Ljava/lang/String;)Ljava/lang/Class;+37 java.base@18.0.2
j  jdk.internal.loader.BuiltinClassLoader.loadClassOrNull(Ljava/lang/String;Z)Ljava/lang/Class;+111 java.base@18.0.2
j  jdk.internal.loader.BuiltinClassLoader.loadClass(Ljava/lang/String;Z)Ljava/lang/Class;+3 java.base@18.0.2
j  jdk.internal.loader.ClassLoaders$AppClassLoader.loadClass(Ljava/lang/String;Z)Ljava/lang/Class;+36 java.base@18.0.2
j  java.lang.ClassLoader.loadClass(Ljava/lang/String;)Ljava/lang/Class;+3 java.base@18.0.2
v  ~StubRoutines::call_stub
j  java.lang.Class.forName0(Ljava/lang/String;ZLjava/lang/ClassLoader;Ljava/lang/Class;)Ljava/lang/Class;+0 java.base@18.0.2
j  java.lang.Class.forName(Ljava/lang/String;ZLjava/lang/ClassLoader;Ljava/lang/Class;)Ljava/lang/Class;+37 java.base@18.0.2
j  java.lang.Class.forName(Ljava/lang/String;ZLjava/lang/ClassLoader;)Ljava/lang/Class;+20 java.base@18.0.2
j  sun.launcher.LauncherHelper.loadMainClass(ILjava/lang/String;)Ljava/lang/Class;+95 java.base@18.0.2
j  sun.launcher.LauncherHelper.checkAndLoadMain(ZILjava/lang/String;)Ljava/lang/Class;+42 java.base@18.0.2
v  ~StubRoutines::call_stub

---------------  P R O C E S S  ---------------

Threads class SMR info:
_java_thread_list=0x00000133ec468bc0, length=12, elements={
0x00000133c798fb50, 0x00000133e7fdef30, 0x00000133e7fdf7e0, 0x00000133e7ff29b0,
0x00000133e7ff7670, 0x00000133e7ff9f30, 0x00000133e7ffa7e0, 0x00000133e7ffb3c0,
0x00000133e8048bd0, 0x00000133e808c5e0, 0x00000133ec48c460, 0x00000133ec490ba0
}

Java Threads: ( => current thread )
=>0x00000133c798fb50 JavaThread "main" [_thread_in_vm, id=16472, stack(0x00000008d0a00000,0x00000008d0b00000)]
  0x00000133e7fdef30 JavaThread "Reference Handler" daemon [_thread_blocked, id=4076, stack(0x00000008d1100000,0x00000008d1200000)]
  0x00000133e7fdf7e0 JavaThread "Finalizer" daemon [_thread_blocked, id=18316, stack(0x00000008d1200000,0x00000008d1300000)]
  0x00000133e7ff29b0 JavaThread "Signal Dispatcher" daemon [_thread_blocked, id=21392, stack(0x00000008d1300000,0x00000008d1400000)]
  0x00000133e7ff7670 JavaThread "Attach Listener" daemon [_thread_blocked, id=23428, stack(0x00000008d1400000,0x00000008d1500000)]
  0x00000133e7ff9f30 JavaThread "Service Thread" daemon [_thread_blocked, id=6700, stack(0x00000008d1500000,0x00000008d1600000)]
  0x00000133e7ffa7e0 JavaThread "Monitor Deflation Thread" daemon [_thread_blocked, id=26268, stack(0x00000008d1600000,0x00000008d1700000)]
  0x00000133e7ffb3c0 JavaThread "C2 CompilerThread0" daemon [_thread_blocked, id=14340, stack(0x00000008d1700000,0x00000008d1800000)]
  0x00000133e8048bd0 JavaThread "C1 CompilerThread0" daemon [_thread_in_vm, id=14928, stack(0x00000008d1800000,0x00000008d1900000)]
  0x00000133e808c5e0 JavaThread "Sweeper thread" daemon [_thread_blocked, id=1224, stack(0x00000008d1900000,0x00000008d1a00000)]
  0x00000133ec48c460 JavaThread "Notification Thread" daemon [_thread_blocked, id=23040, stack(0x00000008d1a00000,0x00000008d1b00000)]
  0x00000133ec490ba0 JavaThread "Common-Cleaner" daemon [_thread_blocked, id=21484, stack(0x00000008d1c00000,0x00000008d1d00000)]

Other Threads:
  0x00000133e7fd6160 VMThread "VM Thread" [stack: 0x00000008d1000000,0x00000008d1100000] [id=21192]
  0x00000133ec490930 WatcherThread "VM Periodic Task Thread" [stack: 0x00000008d1b00000,0x00000008d1c00000] [id=24932]
  0x00000133c79ebc70 WorkerThread "GC Thread#0" [stack: 0x00000008d0b00000,0x00000008d0c00000] [id=24424]
  0x00000133c79fa760 ConcurrentGCThread "G1 Main Marker" [stack: 0x00000008d0c00000,0x00000008d0d00000] [id=22740]
  0x00000133c79fb800 WorkerThread "G1 Conc#0" [stack: 0x00000008d0d00000,0x00000008d0e00000] [id=19744]
  0x00000133c7a40280 ConcurrentGCThread "G1 Refine#0" [stack: 0x00000008d0e00000,0x00000008d0f00000] [id=12540]
  0x00000133c7a40aa0 ConcurrentGCThread "G1 Service" [stack: 0x00000008d0f00000,0x00000008d1000000] [id=21004]

Threads with active compile tasks:
C1 CompilerThread0      404  392       3       sun.util.locale.LanguageTag::parseExtensions (208 bytes)

VM state: not at safepoint (normal execution)

VM Mutex/Monitor currently owned by a thread:  ([mutex/lock_event])
[0x00000133c797d020] Metaspace_lock - owner thread: 0x00000133c798fb50
[0x00000133c798b9e0] MethodData_lock - owner thread: 0x00000133e8048bd0

Heap address: 0x0000000743600000, size: 3018 MB, Compressed Oops mode: Zero based, Oop shift amount: 3

CDS archive(s) mapped at: [0x0000000800000000-0x0000000800ba0000-0x0000000800ba0000), size 12189696, SharedBaseAddress: 0x0000000800000000, ArchiveRelocationMode: 0.
Compressed class space mapped at: 0x0000000800c00000-0x0000000840c00000, reserved size: 1073741824
Narrow klass base: 0x0000000800000000, Narrow klass shift: 0, Narrow klass range: 0x100000000

GC Precious Log:
 CardTable entry size: 512
 Card Set container configuration: InlinePtr #cards 4 size 8 Array Of Cards #cards 16 size 48 Howl #buckets 8 coarsen threshold 3686 Howl Bitmap #cards 512 size 80 coarsen threshold 460 Card regions per heap region 1 cards per card region 4096
 CPUs: 8 total, 8 available
 Memory: 12069M
 Large Page Support: Disabled
 NUMA Support: Disabled
 Compressed Oops: Enabled (Zero based)
 Heap Region Size: 2M
 Heap Min Capacity: 8M
 Heap Initial Capacity: 190M
 Heap Max Capacity: 3018M
 Pre-touch: Disabled
 Parallel Workers: 8
 Concurrent Workers: 2
 Concurrent Refinement Workers: 8
 Periodic GC: Disabled

Heap:
 garbage-first heap   total 194560K, used 4096K [0x0000000743600000, 0x0000000800000000)
  region size 2048K, 3 young (6144K), 0 survivors (0K)
 Metaspace       used 1687K, committed 1856K, reserved 1114112K
  class space    used 140K, committed 256K, reserved 1048576K

Heap Regions: E=young(eden), S=young(survivor), O=old, HS=humongous(starts), HC=humongous(continues), CS=collection set, F=free, OA=open archive, CA=closed archive, TAMS=top-at-mark-start (previous, next)
|   0|0x0000000743600000, 0x0000000743600000, 0x0000000743800000|  0%| F|  |TAMS 0x0000000743600000, 0x0000000743600000| Untracked 
|   1|0x0000000743800000, 0x0000000743800000, 0x0000000743a00000|  0%| F|  |TAMS 0x0000000743800000, 0x0000000743800000| Untracked 
|   2|0x0000000743a00000, 0x0000000743a00000, 0x0000000743c00000|  0%| F|  |TAMS 0x0000000743a00000, 0x0000000743a00000| Untracked 
|   3|0x0000000743c00000, 0x0000000743c00000, 0x0000000743e00000|  0%| F|  |TAMS 0x0000000743c00000, 0x0000000743c00000| Untracked 
|   4|0x0000000743e00000, 0x0000000743e00000, 0x0000000744000000|  0%| F|  |TAMS 0x0000000743e00000, 0x0000000743e00000| Untracked 
|   5|0x0000000744000000, 0x0000000744000000, 0x0000000744200000|  0%| F|  |TAMS 0x0000000744000000, 0x0000000744000000| Untracked 
|   6|0x0000000744200000, 0x0000000744200000, 0x0000000744400000|  0%| F|  |TAMS 0x0000000744200000, 0x0000000744200000| Untracked 
|   7|0x0000000744400000, 0x0000000744400000, 0x0000000744600000|  0%| F|  |TAMS 0x0000000744400000, 0x0000000744400000| Untracked 
|   8|0x0000000744600000, 0x0000000744600000, 0x0000000744800000|  0%| F|  |TAMS 0x0000000744600000, 0x0000000744600000| Untracked 
|   9|0x0000000744800000, 0x0000000744800000, 0x0000000744a00000|  0%| F|  |TAMS 0x0000000744800000, 0x0000000744800000| Untracked 
|  10|0x0000000744a00000, 0x0000000744a00000, 0x0000000744c00000|  0%| F|  |TAMS 0x0000000744a00000, 0x0000000744a00000| Untracked 
|  11|0x0000000744c00000, 0x0000000744c00000, 0x0000000744e00000|  0%| F|  |TAMS 0x0000000744c00000, 0x0000000744c00000| Untracked 
|  12|0x0000000744e00000, 0x0000000744e00000, 0x0000000745000000|  0%| F|  |TAMS 0x0000000744e00000, 0x0000000744e00000| Untracked 
|  13|0x0000000745000000, 0x0000000745000000, 0x0000000745200000|  0%| F|  |TAMS 0x0000000745000000, 0x0000000745000000| Untracked 
|  14|0x0000000745200000, 0x0000000745200000, 0x0000000745400000|  0%| F|  |TAMS 0x0000000745200000, 0x0000000745200000| Untracked 
|  15|0x0000000745400000, 0x0000000745400000, 0x0000000745600000|  0%| F|  |TAMS 0x0000000745400000, 0x0000000745400000| Untracked 
|  16|0x0000000745600000, 0x0000000745600000, 0x0000000745800000|  0%| F|  |TAMS 0x0000000745600000, 0x0000000745600000| Untracked 
|  17|0x0000000745800000, 0x0000000745800000, 0x0000000745a00000|  0%| F|  |TAMS 0x0000000745800000, 0x0000000745800000| Untracked 
|  18|0x0000000745a00000, 0x0000000745a00000, 0x0000000745c00000|  0%| F|  |TAMS 0x0000000745a00000, 0x0000000745a00000| Untracked 
|  19|0x0000000745c00000, 0x0000000745c00000, 0x0000000745e00000|  0%| F|  |TAMS 0x0000000745c00000, 0x0000000745c00000| Untracked 
|  20|0x0000000745e00000, 0x0000000745e00000, 0x0000000746000000|  0%| F|  |TAMS 0x0000000745e00000, 0x0000000745e00000| Untracked 
|  21|0x0000000746000000, 0x0000000746000000, 0x0000000746200000|  0%| F|  |TAMS 0x0000000746000000, 0x0000000746000000| Untracked 
|  22|0x0000000746200000, 0x0000000746200000, 0x0000000746400000|  0%| F|  |TAMS 0x0000000746200000, 0x0000000746200000| Untracked 
|  23|0x0000000746400000, 0x0000000746400000, 0x0000000746600000|  0%| F|  |TAMS 0x0000000746400000, 0x0000000746400000| Untracked 
|  24|0x0000000746600000, 0x0000000746600000, 0x0000000746800000|  0%| F|  |TAMS 0x0000000746600000, 0x0000000746600000| Untracked 
|  25|0x0000000746800000, 0x0000000746800000, 0x0000000746a00000|  0%| F|  |TAMS 0x0000000746800000, 0x0000000746800000| Untracked 
|  26|0x0000000746a00000, 0x0000000746a00000, 0x0000000746c00000|  0%| F|  |TAMS 0x0000000746a00000, 0x0000000746a00000| Untracked 
|  27|0x0000000746c00000, 0x0000000746c00000, 0x0000000746e00000|  0%| F|  |TAMS 0x0000000746c00000, 0x0000000746c00000| Untracked 
|  28|0x0000000746e00000, 0x0000000746e00000, 0x0000000747000000|  0%| F|  |TAMS 0x0000000746e00000, 0x0000000746e00000| Untracked 
|  29|0x0000000747000000, 0x0000000747000000, 0x0000000747200000|  0%| F|  |TAMS 0x0000000747000000, 0x0000000747000000| Untracked 
|  30|0x0000000747200000, 0x0000000747200000, 0x0000000747400000|  0%| F|  |TAMS 0x0000000747200000, 0x0000000747200000| Untracked 
|  31|0x0000000747400000, 0x0000000747400000, 0x0000000747600000|  0%| F|  |TAMS 0x0000000747400000, 0x0000000747400000| Untracked 
|  32|0x0000000747600000, 0x0000000747600000, 0x0000000747800000|  0%| F|  |TAMS 0x0000000747600000, 0x0000000747600000| Untracked 
|  33|0x0000000747800000, 0x0000000747800000, 0x0000000747a00000|  0%| F|  |TAMS 0x0000000747800000, 0x0000000747800000| Untracked 
|  34|0x0000000747a00000, 0x0000000747a00000, 0x0000000747c00000|  0%| F|  |TAMS 0x0000000747a00000, 0x0000000747a00000| Untracked 
|  35|0x0000000747c00000, 0x0000000747c00000, 0x0000000747e00000|  0%| F|  |TAMS 0x0000000747c00000, 0x0000000747c00000| Untracked 
|  36|0x0000000747e00000, 0x0000000747e00000, 0x0000000748000000|  0%| F|  |TAMS 0x0000000747e00000, 0x0000000747e00000| Untracked 
|  37|0x0000000748000000, 0x0000000748000000, 0x0000000748200000|  0%| F|  |TAMS 0x0000000748000000, 0x0000000748000000| Untracked 
|  38|0x0000000748200000, 0x0000000748200000, 0x0000000748400000|  0%| F|  |TAMS 0x0000000748200000, 0x0000000748200000| Untracked 
|  39|0x0000000748400000, 0x0000000748400000, 0x0000000748600000|  0%| F|  |TAMS 0x0000000748400000, 0x0000000748400000| Untracked 
|  40|0x0000000748600000, 0x0000000748600000, 0x0000000748800000|  0%| F|  |TAMS 0x0000000748600000, 0x0000000748600000| Untracked 
|  41|0x0000000748800000, 0x0000000748800000, 0x0000000748a00000|  0%| F|  |TAMS 0x0000000748800000, 0x0000000748800000| Untracked 
|  42|0x0000000748a00000, 0x0000000748a00000, 0x0000000748c00000|  0%| F|  |TAMS 0x0000000748a00000, 0x0000000748a00000| Untracked 
|  43|0x0000000748c00000, 0x0000000748c00000, 0x0000000748e00000|  0%| F|  |TAMS 0x0000000748c00000, 0x0000000748c00000| Untracked 
|  44|0x0000000748e00000, 0x0000000748e00000, 0x0000000749000000|  0%| F|  |TAMS 0x0000000748e00000, 0x0000000748e00000| Untracked 
|  45|0x0000000749000000, 0x0000000749000000, 0x0000000749200000|  0%| F|  |TAMS 0x0000000749000000, 0x0000000749000000| Untracked 
|  46|0x0000000749200000, 0x0000000749200000, 0x0000000749400000|  0%| F|  |TAMS 0x0000000749200000, 0x0000000749200000| Untracked 
|  47|0x0000000749400000, 0x0000000749400000, 0x0000000749600000|  0%| F|  |TAMS 0x0000000749400000, 0x0000000749400000| Untracked 
|  48|0x0000000749600000, 0x0000000749600000, 0x0000000749800000|  0%| F|  |TAMS 0x0000000749600000, 0x0000000749600000| Untracked 
|  49|0x0000000749800000, 0x0000000749800000, 0x0000000749a00000|  0%| F|  |TAMS 0x0000000749800000, 0x0000000749800000| Untracked 
|  50|0x0000000749a00000, 0x0000000749a00000, 0x0000000749c00000|  0%| F|  |TAMS 0x0000000749a00000, 0x0000000749a00000| Untracked 
|  51|0x0000000749c00000, 0x0000000749c00000, 0x0000000749e00000|  0%| F|  |TAMS 0x0000000749c00000, 0x0000000749c00000| Untracked 
|  52|0x0000000749e00000, 0x0000000749e00000, 0x000000074a000000|  0%| F|  |TAMS 0x0000000749e00000, 0x0000000749e00000| Untracked 
|  53|0x000000074a000000, 0x000000074a000000, 0x000000074a200000|  0%| F|  |TAMS 0x000000074a000000, 0x000000074a000000| Untracked 
|  54|0x000000074a200000, 0x000000074a200000, 0x000000074a400000|  0%| F|  |TAMS 0x000000074a200000, 0x000000074a200000| Untracked 
|  55|0x000000074a400000, 0x000000074a400000, 0x000000074a600000|  0%| F|  |TAMS 0x000000074a400000, 0x000000074a400000| Untracked 
|  56|0x000000074a600000, 0x000000074a600000, 0x000000074a800000|  0%| F|  |TAMS 0x000000074a600000, 0x000000074a600000| Untracked 
|  57|0x000000074a800000, 0x000000074a800000, 0x000000074aa00000|  0%| F|  |TAMS 0x000000074a800000, 0x000000074a800000| Untracked 
|  58|0x000000074aa00000, 0x000000074aa00000, 0x000000074ac00000|  0%| F|  |TAMS 0x000000074aa00000, 0x000000074aa00000| Untracked 
|  59|0x000000074ac00000, 0x000000074ac00000, 0x000000074ae00000|  0%| F|  |TAMS 0x000000074ac00000, 0x000000074ac00000| Untracked 
|  60|0x000000074ae00000, 0x000000074ae00000, 0x000000074b000000|  0%| F|  |TAMS 0x000000074ae00000, 0x000000074ae00000| Untracked 
|  61|0x000000074b000000, 0x000000074b000000, 0x000000074b200000|  0%| F|  |TAMS 0x000000074b000000, 0x000000074b000000| Untracked 
|  62|0x000000074b200000, 0x000000074b200000, 0x000000074b400000|  0%| F|  |TAMS 0x000000074b200000, 0x000000074b200000| Untracked 
|  63|0x000000074b400000, 0x000000074b400000, 0x000000074b600000|  0%| F|  |TAMS 0x000000074b400000, 0x000000074b400000| Untracked 
|  64|0x000000074b600000, 0x000000074b600000, 0x000000074b800000|  0%| F|  |TAMS 0x000000074b600000, 0x000000074b600000| Untracked 
|  65|0x000000074b800000, 0x000000074b800000, 0x000000074ba00000|  0%| F|  |TAMS 0x000000074b800000, 0x000000074b800000| Untracked 
|  66|0x000000074ba00000, 0x000000074ba00000, 0x000000074bc00000|  0%| F|  |TAMS 0x000000074ba00000, 0x000000074ba00000| Untracked 
|  67|0x000000074bc00000, 0x000000074bc00000, 0x000000074be00000|  0%| F|  |TAMS 0x000000074bc00000, 0x000000074bc00000| Untracked 
|  68|0x000000074be00000, 0x000000074be00000, 0x000000074c000000|  0%| F|  |TAMS 0x000000074be00000, 0x000000074be00000| Untracked 
|  69|0x000000074c000000, 0x000000074c000000, 0x000000074c200000|  0%| F|  |TAMS 0x000000074c000000, 0x000000074c000000| Untracked 
|  70|0x000000074c200000, 0x000000074c200000, 0x000000074c400000|  0%| F|  |TAMS 0x000000074c200000, 0x000000074c200000| Untracked 
|  71|0x000000074c400000, 0x000000074c400000, 0x000000074c600000|  0%| F|  |TAMS 0x000000074c400000, 0x000000074c400000| Untracked 
|  72|0x000000074c600000, 0x000000074c600000, 0x000000074c800000|  0%| F|  |TAMS 0x000000074c600000, 0x000000074c600000| Untracked 
|  73|0x000000074c800000, 0x000000074c800000, 0x000000074ca00000|  0%| F|  |TAMS 0x000000074c800000, 0x000000074c800000| Untracked 
|  74|0x000000074ca00000, 0x000000074ca00000, 0x000000074cc00000|  0%| F|  |TAMS 0x000000074ca00000, 0x000000074ca00000| Untracked 
|  75|0x000000074cc00000, 0x000000074cc00000, 0x000000074ce00000|  0%| F|  |TAMS 0x000000074cc00000, 0x000000074cc00000| Untracked 
|  76|0x000000074ce00000, 0x000000074ce00000, 0x000000074d000000|  0%| F|  |TAMS 0x000000074ce00000, 0x000000074ce00000| Untracked 
|  77|0x000000074d000000, 0x000000074d000000, 0x000000074d200000|  0%| F|  |TAMS 0x000000074d000000, 0x000000074d000000| Untracked 
|  78|0x000000074d200000, 0x000000074d200000, 0x000000074d400000|  0%| F|  |TAMS 0x000000074d200000, 0x000000074d200000| Untracked 
|  79|0x000000074d400000, 0x000000074d400000, 0x000000074d600000|  0%| F|  |TAMS 0x000000074d400000, 0x000000074d400000| Untracked 
|  80|0x000000074d600000, 0x000000074d600000, 0x000000074d800000|  0%| F|  |TAMS 0x000000074d600000, 0x000000074d600000| Untracked 
|  81|0x000000074d800000, 0x000000074d800000, 0x000000074da00000|  0%| F|  |TAMS 0x000000074d800000, 0x000000074d800000| Untracked 
|  82|0x000000074da00000, 0x000000074da00000, 0x000000074dc00000|  0%| F|  |TAMS 0x000000074da00000, 0x000000074da00000| Untracked 
|  83|0x000000074dc00000, 0x000000074dc00000, 0x000000074de00000|  0%| F|  |TAMS 0x000000074dc00000, 0x000000074dc00000| Untracked 
|  84|0x000000074de00000, 0x000000074de00000, 0x000000074e000000|  0%| F|  |TAMS 0x000000074de00000, 0x000000074de00000| Untracked 
|  85|0x000000074e000000, 0x000000074e000000, 0x000000074e200000|  0%| F|  |TAMS 0x000000074e000000, 0x000000074e000000| Untracked 
|  86|0x000000074e200000, 0x000000074e200000, 0x000000074e400000|  0%| F|  |TAMS 0x000000074e200000, 0x000000074e200000| Untracked 
|  87|0x000000074e400000, 0x000000074e400000, 0x000000074e600000|  0%| F|  |TAMS 0x000000074e400000, 0x000000074e400000| Untracked 
|  88|0x000000074e600000, 0x000000074e600000, 0x000000074e800000|  0%| F|  |TAMS 0x000000074e600000, 0x000000074e600000| Untracked 
|  89|0x000000074e800000, 0x000000074e800000, 0x000000074ea00000|  0%| F|  |TAMS 0x000000074e800000, 0x000000074e800000| Untracked 
|  90|0x000000074ea00000, 0x000000074ea00000, 0x000000074ec00000|  0%| F|  |TAMS 0x000000074ea00000, 0x000000074ea00000| Untracked 
|  91|0x000000074ec00000, 0x000000074ec00000, 0x000000074ee00000|  0%| F|  |TAMS 0x000000074ec00000, 0x000000074ec00000| Untracked 
|  92|0x000000074ee00000, 0x000000074efc4148, 0x000000074f000000| 88%| E|  |TAMS 0x000000074ee00000, 0x000000074ee00000| Complete 
|  93|0x000000074f000000, 0x000000074f200000, 0x000000074f200000|100%| E|CS|TAMS 0x000000074f000000, 0x000000074f000000| Complete 
|  94|0x000000074f200000, 0x000000074f400000, 0x000000074f400000|100%| E|CS|TAMS 0x000000074f200000, 0x000000074f200000| Complete 

Card table byte_map: [0x00000133debf0000,0x00000133df1e0000] _byte_map_base: 0x00000133db1d5000

Marking Bits (Prev, Next): (CMBitMap*) 0x00000133c79ee1a0, (CMBitMap*) 0x00000133c79ee1e0
 Prev Bits: [0x00000133df7d0000, 0x00000133e26f8000)
 Next Bits: [0x00000133e2700000, 0x00000133e5628000)

Polling page: 0x00000133c5990000

Metaspace:

Usage:
  Non-class:      1.51 MB used.
      Class:    140.38 KB used.
       Both:      1.65 MB used.

Virtual space:
  Non-class space:       64.00 MB reserved,       1.56 MB (  2%) committed,  1 nodes.
      Class space:        1.00 GB reserved,     256.00 KB ( <1%) committed,  1 nodes.
             Both:        1.06 GB reserved,       1.81 MB ( <1%) committed. 

Chunk freelists:
   Non-Class:  3.98 MB
       Class:  3.74 MB
        Both:  7.72 MB

MaxMetaspaceSize: unlimited
CompressedClassSpaceSize: 1.00 GB
Initial GC threshold: 21.00 MB
Current GC threshold: 21.00 MB
CDS: on
MetaspaceReclaimPolicy: balanced
 - commit_granule_bytes: 65536.
 - commit_granule_words: 8192.
 - virtual_space_node_default_size: 8388608.
 - enlarge_chunks_in_place: 1.
 - new_chunks_are_fully_committed: 0.
 - uncommit_free_chunks: 1.
 - use_allocation_guard: 0.


Internal statistics:

num_allocs_failed_limit: 0.
num_arena_births: 14.
num_arena_deaths: 0.
num_vsnodes_births: 2.
num_vsnodes_deaths: 0.
num_space_committed: 29.
num_space_uncommitted: 0.
num_chunks_returned_to_freelist: 0.
num_chunks_taken_from_freelist: 14.
num_chunk_merges: 0.
num_chunk_splits: 9.
num_chunks_enlarged: 5.
num_inconsistent_stats: 0.

CodeHeap 'non-profiled nmethods': size=120000Kb used=104Kb max_used=104Kb free=119895Kb
 bounds [0x00000133d6da0000, 0x00000133d7010000, 0x00000133de2d0000]
CodeHeap 'profiled nmethods': size=120000Kb used=714Kb max_used=714Kb free=119285Kb
 bounds [0x00000133cf870000, 0x00000133cfae0000, 0x00000133d6da0000]
CodeHeap 'non-nmethods': size=5760Kb used=1152Kb max_used=1169Kb free=4607Kb
 bounds [0x00000133cf2d0000, 0x00000133cf540000, 0x00000133cf870000]
 total_blobs=806 nmethods=395 adapters=324
 compilation: enabled
              stopped_count=0, restarted_count=0
 full_count=0

Compilation events (20 events):
Event: 0.354 Thread 0x00000133e8048bd0  384       3       sun.util.locale.InternalLocaleBuilder::setExtensions (206 bytes)
Event: 0.359 Thread 0x00000133e8048bd0 nmethod 384 0x00000133cf90e390 code [0x00000133cf90e8c0, 0x00000133cf9115f8]
Event: 0.359 Thread 0x00000133e8048bd0  385       3       sun.util.locale.InternalLocaleBuilder::setLanguageTag (173 bytes)
Event: 0.362 Thread 0x00000133e8048bd0 nmethod 385 0x00000133cf912510 code [0x00000133cf912900, 0x00000133cf914558]
Event: 0.362 Thread 0x00000133e8048bd0  403   !   3       java.util.jar.Attributes::read (494 bytes)
Event: 0.363 Thread 0x00000133e7ffb3c0  405       4       java.util.Objects::requireNonNull (14 bytes)
Event: 0.364 Thread 0x00000133e7ffb3c0 nmethod 405 0x00000133d6db8810 code [0x00000133d6db8980, 0x00000133d6db89f8]
Event: 0.365 Thread 0x00000133e7ffb3c0  406       4       java.util.HashMap::putVal (300 bytes)
Event: 0.367 Thread 0x00000133e8048bd0 nmethod 403 0x00000133cf914c90 code [0x00000133cf915480, 0x00000133cf919508]
Event: 0.367 Thread 0x00000133e8048bd0  404       3       java.lang.String::<init> (830 bytes)
Event: 0.370 Thread 0x00000133e8048bd0 nmethod 404 0x00000133cf91ae90 code [0x00000133cf91b380, 0x00000133cf91e248]
Event: 0.370 Thread 0x00000133e8048bd0  386       3       sun.util.locale.InternalLocaleBuilder::getBaseLocale (187 bytes)
Event: 0.372 Thread 0x00000133e8048bd0 nmethod 386 0x00000133cf91ee90 code [0x00000133cf91f1a0, 0x00000133cf9201f8]
Event: 0.372 Thread 0x00000133e8048bd0  388       3       sun.util.locale.LanguageTag::parseExtlangs (114 bytes)
Event: 0.374 Thread 0x00000133e8048bd0 nmethod 388 0x00000133cf920890 code [0x00000133cf920ae0, 0x00000133cf9215b8]
Event: 0.374 Thread 0x00000133e8048bd0  389       3       sun.util.locale.LanguageTag::parseScript (55 bytes)
Event: 0.375 Thread 0x00000133e8048bd0 nmethod 389 0x00000133cf921910 code [0x00000133cf921b00, 0x00000133cf922118]
Event: 0.375 Thread 0x00000133e8048bd0  390       3       sun.util.locale.LanguageTag::parseRegion (55 bytes)
Event: 0.375 Thread 0x00000133e8048bd0 nmethod 390 0x00000133cf922310 code [0x00000133cf9224e0, 0x00000133cf9228f8]
Event: 0.375 Thread 0x00000133e8048bd0  392       3       sun.util.locale.LanguageTag::parseExtensions (208 bytes)

GC Heap History (0 events):
No events

Deoptimization events (2 events):
Event: 0.361 Thread 0x00000133c798fb50 DEOPT PACKING pc=0x00000133cf89aee6 sp=0x00000008d0afc630
Event: 0.362 Thread 0x00000133c798fb50 DEOPT UNPACKING pc=0x00000133cf326763 sp=0x00000008d0afbb00 mode 0

Classes loaded (20 events):
Event: 0.369 Loading class java/security/MessageDigestSpi
Event: 0.370 Loading class java/security/MessageDigestSpi done
Event: 0.370 Loading class java/security/MessageDigest done
Event: 0.370 Loading class sun/security/provider/SHA2$SHA256
Event: 0.370 Loading class sun/security/provider/SHA2
Event: 0.370 Loading class sun/security/provider/DigestBase
Event: 0.370 Loading class sun/security/provider/DigestBase done
Event: 0.370 Loading class sun/security/provider/SHA2 done
Event: 0.370 Loading class sun/security/provider/SHA2$SHA256 done
Event: 0.370 Loading class java/security/MessageDigest$Delegate
Event: 0.370 Loading class sun/security/util/MessageDigestSpi2
Event: 0.370 Loading class sun/security/util/MessageDigestSpi2 done
Event: 0.370 Loading class java/security/MessageDigest$Delegate done
Event: 0.371 Loading class java/security/MessageDigest$Delegate$CloneableDelegate
Event: 0.371 Loading class java/security/MessageDigest$Delegate$CloneableDelegate done
Event: 0.371 Loading class sun/security/provider/ByteArrayAccess
Event: 0.375 Loading class sun/security/provider/ByteArrayAccess done
Event: 0.375 Loading class sun/security/provider/ByteArrayAccess$BE
Event: 0.375 Loading class sun/security/provider/ByteArrayAccess$BE done
Event: 0.376 Loading class java/lang/invoke/VarHandleByteArrayAsInts$ArrayHandle

Classes unloaded (0 events):
No events

Classes redefined (0 events):
No events

Internal exceptions (0 events):
No events

VM Operations (4 events):
Event: 0.101 Executing VM operation: HandshakeAllThreads
Event: 0.101 Executing VM operation: HandshakeAllThreads done
Event: 0.202 Executing VM operation: HandshakeAllThreads
Event: 0.202 Executing VM operation: HandshakeAllThreads done

Events (18 events):
Event: 0.009 Loaded shared library C:\Program Files\Java\jdk-18.0.2\bin\java.dll
Event: 0.024 Loaded shared library C:\Program Files\Java\jdk-18.0.2\bin\jsvml.dll
Event: 0.025 Thread 0x00000133c798fb50 Thread added: 0x00000133c798fb50
Event: 0.028 Thread 0x00000133e7fdef30 Thread added: 0x00000133e7fdef30
Event: 0.029 Thread 0x00000133e7fdf7e0 Thread added: 0x00000133e7fdf7e0
Event: 0.049 Thread 0x00000133e7ff29b0 Thread added: 0x00000133e7ff29b0
Event: 0.049 Thread 0x00000133e7ff7670 Thread added: 0x00000133e7ff7670
Event: 0.049 Thread 0x00000133e7ff9f30 Thread added: 0x00000133e7ff9f30
Event: 0.049 Thread 0x00000133e7ffa7e0 Thread added: 0x00000133e7ffa7e0
Event: 0.049 Thread 0x00000133e7ffb3c0 Thread added: 0x00000133e7ffb3c0
Event: 0.051 Thread 0x00000133e8048bd0 Thread added: 0x00000133e8048bd0
Event: 0.053 Thread 0x00000133e808c5e0 Thread added: 0x00000133e808c5e0
Event: 0.082 Thread 0x00000133ec48c460 Thread added: 0x00000133ec48c460
Event: 0.085 Thread 0x00000133ec490ba0 Thread added: 0x00000133ec490ba0
Event: 0.092 Loaded shared library C:\Program Files\Java\jdk-18.0.2\bin\net.dll
Event: 0.094 Loaded shared library C:\Program Files\Java\jdk-18.0.2\bin\nio.dll
Event: 0.100 Loaded shared library C:\Program Files\Java\jdk-18.0.2\bin\zip.dll
Event: 0.302 Loaded shared library C:\Program Files\Java\jdk-18.0.2\bin\jimage.dll


Dynamic libraries:
0x00007ff7eeb00000 - 0x00007ff7eeb10000 	C:\Program Files\Java\jdk-18.0.2\bin\java.exe
0x00007ffddae10000 - 0x00007ffddb005000 	C:\Windows\SYSTEM32\ntdll.dll
0x00007ffdd9ab0000 - 0x00007ffdd9b6e000 	C:\Windows\System32\KERNEL32.DLL
0x00007ffdd8700000 - 0x00007ffdd89c9000 	C:\Windows\System32\KERNELBASE.dll
0x00007ffdd8600000 - 0x00007ffdd8700000 	C:\Windows\System32\ucrtbase.dll
0x00007ffd6de40000 - 0x00007ffd6de5a000 	C:\Program Files\Java\jdk-18.0.2\bin\VCRUNTIME140.dll
0x00007ffd6de20000 - 0x00007ffd6de38000 	C:\Program Files\Java\jdk-18.0.2\bin\jli.dll
0x00007ffdd9b70000 - 0x00007ffdd9c1c000 	C:\Windows\System32\ADVAPI32.dll
0x00007ffdd96b0000 - 0x00007ffdd974e000 	C:\Windows\System32\msvcrt.dll
0x00007ffdda8c0000 - 0x00007ffdda95b000 	C:\Windows\System32\sechost.dll
0x00007ffdda0f0000 - 0x00007ffdda21a000 	C:\Windows\System32\RPCRT4.dll
0x00007ffdd9e00000 - 0x00007ffdd9fa1000 	C:\Windows\System32\USER32.dll
0x00007ffdd8530000 - 0x00007ffdd8552000 	C:\Windows\System32\win32u.dll
0x00007ffddacc0000 - 0x00007ffddaceb000 	C:\Windows\System32\GDI32.dll
0x00007ffdbd370000 - 0x00007ffdbd60a000 	C:\Windows\WinSxS\amd64_microsoft.windows.common-controls_6595b64144ccf1df_6.0.19041.1110_none_60b5254171f9507e\COMCTL32.dll
0x00007ffdd8b80000 - 0x00007ffdd8c8b000 	C:\Windows\System32\gdi32full.dll
0x00007ffdd8560000 - 0x00007ffdd85fd000 	C:\Windows\System32\msvcp_win.dll
0x00007ffdcdff0000 - 0x00007ffdcdffa000 	C:\Windows\SYSTEM32\VERSION.dll
0x00007ffdd9cd0000 - 0x00007ffdd9d00000 	C:\Windows\System32\IMM32.DLL
0x00007ffdd2a80000 - 0x00007ffdd2a8c000 	C:\Program Files\Java\jdk-18.0.2\bin\vcruntime140_1.dll
0x00007ffd53630000 - 0x00007ffd536bd000 	C:\Program Files\Java\jdk-18.0.2\bin\msvcp140.dll
0x00007ffd30c90000 - 0x00007ffd318a1000 	C:\Program Files\Java\jdk-18.0.2\bin\server\jvm.dll
0x00007ffdda350000 - 0x00007ffdda358000 	C:\Windows\System32\PSAPI.DLL
0x00007ffdbbfe0000 - 0x00007ffdbbfe9000 	C:\Windows\SYSTEM32\WSOCK32.dll
0x00007ffdda080000 - 0x00007ffdda0eb000 	C:\Windows\System32\WS2_32.dll
0x00007ffdbdcc0000 - 0x00007ffdbdce7000 	C:\Windows\SYSTEM32\WINMM.dll
0x00007ffdd6db0000 - 0x00007ffdd6dc2000 	C:\Windows\SYSTEM32\kernel.appcore.dll
0x00007ffdba230000 - 0x00007ffdba23a000 	C:\Program Files\Java\jdk-18.0.2\bin\jimage.dll
0x00007ffdd6330000 - 0x00007ffdd6514000 	C:\Windows\SYSTEM32\DBGHELP.DLL
0x00007ffdb9040000 - 0x00007ffdb906c000 	C:\Windows\SYSTEM32\dbgcore.DLL
0x00007ffdd8cc0000 - 0x00007ffdd8d43000 	C:\Windows\System32\bcryptPrimitives.dll
0x00007ffd6ddf0000 - 0x00007ffd6de15000 	C:\Program Files\Java\jdk-18.0.2\bin\java.dll
0x00007ffd53550000 - 0x00007ffd53626000 	C:\Program Files\Java\jdk-18.0.2\bin\jsvml.dll
0x00007ffdd8f70000 - 0x00007ffdd96af000 	C:\Windows\System32\SHELL32.dll
0x00007ffdd6520000 - 0x00007ffdd6cb0000 	C:\Windows\SYSTEM32\windows.storage.dll
0x00007ffdd9750000 - 0x00007ffdd9aa5000 	C:\Windows\System32\combase.dll
0x00007ffdd7eb0000 - 0x00007ffdd7edc000 	C:\Windows\SYSTEM32\Wldp.dll
0x00007ffdd8e60000 - 0x00007ffdd8f0d000 	C:\Windows\System32\SHCORE.dll
0x00007ffdda3e0000 - 0x00007ffdda435000 	C:\Windows\System32\shlwapi.dll
0x00007ffdd8470000 - 0x00007ffdd848f000 	C:\Windows\SYSTEM32\profapi.dll
0x00007ffd6ddd0000 - 0x00007ffd6dde3000 	C:\Program Files\Java\jdk-18.0.2\bin\net.dll
0x00007ffdbc5f0000 - 0x00007ffdbc6f8000 	C:\Windows\SYSTEM32\WINHTTP.dll
0x00007ffdd7c10000 - 0x00007ffdd7c7a000 	C:\Windows\system32\mswsock.dll
0x00007ffd6dad0000 - 0x00007ffd6dae6000 	C:\Program Files\Java\jdk-18.0.2\bin\nio.dll
0x00007ffd6dab0000 - 0x00007ffd6dac8000 	C:\Program Files\Java\jdk-18.0.2\bin\zip.dll

dbghelp: loaded successfully - version: 4.0.5 - missing functions: none
symbol engine: initialized successfully - sym options: 0x614 - pdb path: .;C:\Program Files\Java\jdk-18.0.2\bin;C:\Windows\SYSTEM32;C:\Windows\WinSxS\amd64_microsoft.windows.common-controls_6595b64144ccf1df_6.0.19041.1110_none_60b5254171f9507e;C:\Program Files\Java\jdk-18.0.2\bin\server

VM Arguments:
jvm_args: -Dfile.encoding=utf8 
java_command: c:\Users\hp\.vscode\extensions\vscjava.vscode-gradle-3.12.5\lib\gradle-language-server.jar
java_class_path (initial): c:\Users\hp\.vscode\extensions\vscjava.vscode-gradle-3.12.5\lib\gradle-language-server.jar
Launcher Type: SUN_STANDARD

[Global flags]
     intx CICompilerCount                          = 4                                         {product} {ergonomic}
     uint ConcGCThreads                            = 2                                         {product} {ergonomic}
     uint G1ConcRefinementThreads                  = 8                                         {product} {ergonomic}
   size_t G1HeapRegionSize                         = 2097152                                   {product} {ergonomic}
    uintx GCDrainStackTargetSize                   = 64                                        {product} {ergonomic}
   size_t InitialHeapSize                          = 199229440                                 {product} {ergonomic}
   size_t MarkStackSize                            = 4194304                                   {product} {ergonomic}
   size_t MaxHeapSize                              = 3164602368                                {product} {ergonomic}
   size_t MaxNewSize                               = 1897922560                                {product} {ergonomic}
   size_t MinHeapDeltaBytes                        = 2097152                                   {product} {ergonomic}
   size_t MinHeapSize                              = 8388608                                   {product} {ergonomic}
    uintx NonNMethodCodeHeapSize                   = 5839372                                {pd product} {ergonomic}
    uintx NonProfiledCodeHeapSize                  = 122909434                              {pd product} {ergonomic}
    uintx ProfiledCodeHeapSize                     = 122909434                              {pd product} {ergonomic}
    uintx ReservedCodeCacheSize                    = 251658240                              {pd product} {ergonomic}
     bool SegmentedCodeCache                       = true                                      {product} {ergonomic}
   size_t SoftMaxHeapSize                          = 3164602368                             {manageable} {ergonomic}
     bool UseCompressedClassPointers               = true                           {product lp64_product} {ergonomic}
     bool UseCompressedOops                        = true                           {product lp64_product} {ergonomic}
     bool UseG1GC                                  = true                                      {product} {ergonomic}
     bool UseLargePagesIndividualAllocation        = false                                  {pd product} {ergonomic}

Logging:
Log output configuration:
 #0: stdout all=warning uptime,level,tags foldmultilines=false
 #1: stderr all=off uptime,level,tags foldmultilines=false

Environment Variables:
JAVA_HOME=C:\Program Files\Java\jdk-18.0.2
PATH=C:\Program Files\Common Files\Oracle\Java\javapath;C:\Windows\system32;C:\Windows;C:\Windows\System32\Wbem;C:\Windows\System32\WindowsPowerShell\v1.0\;C:\Windows\System32\OpenSSH\;C:\Program Files\nodejs\;C:\Program Files\Java\jdk-18.0.2\bin;C:\Users\hp\AppData\Local\Microsoft\WindowsApps;C:\Users\hp\AppData\Local\Programs\Microsoft VS Code\bin;C:\Users\hp\AppData\Roaming\npm;D:\downloads\flutter\bin;
USERNAME=hp
OS=Windows_NT
PROCESSOR_IDENTIFIER=Intel64 Family 6 Model 126 Stepping 5, GenuineIntel



---------------  S Y S T E M  ---------------

OS:
 Windows 10 , 64 bit Build 19041 (10.0.19041.1202)
OS uptime: 10 days 4:47 hours

CPU: total 8 (initial active 8) (4 cores per cpu, 2 threads per core) family 6 model 126 stepping 5 microcode 0xa6, cx8, cmov, fxsr, ht, mmx, 3dnowpref, sse, sse2, sse3, ssse3, sse4.1, sse4.2, popcnt, lzcnt, tsc, tscinvbit, avx, avx2, aes, erms, clmul, bmi1, bmi2, adx, avx512f, avx512dq, avx512cd, avx512bw, avx512vl, sha, fma, vzeroupper, avx512_vpopcntdq, avx512_vpclmulqdq, avx512_vaes, avx512_vnni, clflush, clflushopt, avx512_vbmi2, avx512_vbmi

Memory: 4k page, system-wide physical 12069M (601M free)
TotalPageFile size 30747M (AvailPageFile size 8M)
current process WorkingSet (physical memory assigned to process): 40M, peak: 40M
current process commit charge ("private bytes"): 277M, peak: 277M

vm_info: Java HotSpot(TM) 64-Bit Server VM (18.0.2+9-61) for windows-amd64 JRE (18.0.2+9-61), built on Jun  7 2022 13:09:01 by "mach5one" with MS VC++ 16.8 / 16.9 (VS2019)

END.
